0 info it worked if it ends with ok
1 verbose cli [ 'C:\\Program Files (x86)\\nodejs\\\\node.exe',
1 verbose cli   'C:\\Program Files (x86)\\nodejs\\node_modules\\npm\\bin\\npm-cli.js',
1 verbose cli   'install',
1 verbose cli   'io-socket.io1.2.1@.' ]
2 info using npm@1.4.28
3 info using node@v0.10.35
4 verbose node symlink C:\Program Files (x86)\nodejs\\node.exe
5 warn package.json socket-chat-example@0.0.1 No repository field.
6 warn package.json socket-chat-example@0.0.1 No README data
7 verbose readDependencies using package.json deps
8 verbose cache add [ 'io-socket.io1.2.1@.', null ]
9 verbose cache add name=undefined spec="io-socket.io1.2.1@." args=["io-socket.io1.2.1@.",null]
10 verbose parsed url { protocol: null,
10 verbose parsed url   slashes: null,
10 verbose parsed url   auth: null,
10 verbose parsed url   host: null,
10 verbose parsed url   port: null,
10 verbose parsed url   hostname: null,
10 verbose parsed url   hash: null,
10 verbose parsed url   search: null,
10 verbose parsed url   query: null,
10 verbose parsed url   pathname: 'io-socket.io1.2.1@.',
10 verbose parsed url   path: 'io-socket.io1.2.1@.',
10 verbose parsed url   href: 'io-socket.io1.2.1@.' }
11 verbose cache add name="io-socket.io1.2.1" spec="." args=["io-socket.io1.2.1","."]
12 verbose parsed url { protocol: null,
12 verbose parsed url   slashes: null,
12 verbose parsed url   auth: null,
12 verbose parsed url   host: null,
12 verbose parsed url   port: null,
12 verbose parsed url   hostname: null,
12 verbose parsed url   hash: null,
12 verbose parsed url   search: null,
12 verbose parsed url   query: null,
12 verbose parsed url   pathname: '.',
12 verbose parsed url   path: '.',
12 verbose parsed url   href: '.' }
13 verbose addNamed [ 'io-socket.io1.2.1', '.' ]
14 verbose addNamed [ null, null ]
15 silly lockFile bf28033c-io-socket-io1-2-1 io-socket.io1.2.1@.
16 verbose lock io-socket.io1.2.1@. C:\Users\SKAY\AppData\Roaming\npm-cache\bf28033c-io-socket-io1-2-1.lock
17 info addNameTag [ 'io-socket.io1.2.1', '.' ]
18 verbose request where is /io-socket.io1.2.1
19 verbose request registry https://registry.npmjs.org/
20 verbose request id ea2cc9cde7e4ae4e
21 verbose url raw /io-socket.io1.2.1
22 verbose url resolving [ 'https://registry.npmjs.org/', './io-socket.io1.2.1' ]
23 verbose url resolved https://registry.npmjs.org/io-socket.io1.2.1
24 verbose request where is https://registry.npmjs.org/io-socket.io1.2.1
25 info trying registry request attempt 1 at 01:48:28
26 http GET https://registry.npmjs.org/io-socket.io1.2.1
27 http 404 https://registry.npmjs.org/io-socket.io1.2.1
28 verbose headers { date: 'Fri, 26 Dec 2014 00:48:40 GMT',
28 verbose headers   server: 'CouchDB/1.5.0 (Erlang OTP/R14B04)',
28 verbose headers   'content-type': 'application/json',
28 verbose headers   'cache-control': 'max-age=0',
28 verbose headers   'content-length': '52',
28 verbose headers   'accept-ranges': 'bytes',
28 verbose headers   via: '1.1 varnish',
28 verbose headers   age: '0',
28 verbose headers   'x-served-by': 'cache-lcy1123-LCY',
28 verbose headers   'x-cache': 'MISS',
28 verbose headers   'x-cache-hits': '0',
28 verbose headers   'x-timer': 'S1419554920.475582,VS0,VE349',
28 verbose headers   'keep-alive': 'timeout=10, max=50',
28 verbose headers   connection: 'Keep-Alive' }
29 silly registry.get cb [ 404,
29 silly registry.get   { date: 'Fri, 26 Dec 2014 00:48:40 GMT',
29 silly registry.get     server: 'CouchDB/1.5.0 (Erlang OTP/R14B04)',
29 silly registry.get     'content-type': 'application/json',
29 silly registry.get     'cache-control': 'max-age=0',
29 silly registry.get     'content-length': '52',
29 silly registry.get     'accept-ranges': 'bytes',
29 silly registry.get     via: '1.1 varnish',
29 silly registry.get     age: '0',
29 silly registry.get     'x-served-by': 'cache-lcy1123-LCY',
29 silly registry.get     'x-cache': 'MISS',
29 silly registry.get     'x-cache-hits': '0',
29 silly registry.get     'x-timer': 'S1419554920.475582,VS0,VE349',
29 silly registry.get     'keep-alive': 'timeout=10, max=50',
29 silly registry.get     connection: 'Keep-Alive' } ]
30 silly lockFile bf28033c-io-socket-io1-2-1 io-socket.io1.2.1@.
31 silly lockFile bf28033c-io-socket-io1-2-1 io-socket.io1.2.1@.
32 error 404 404 Not Found: io-socket.io1.2.1
32 error 404
32 error 404 'io-socket.io1.2.1' is not in the npm registry.
32 error 404 You should bug the author to publish it
32 error 404 It was specified as a dependency of 'socket-chat-example'
32 error 404
32 error 404 Note that you can also install from a
32 error 404 tarball, folder, or http url, or git url.
33 error System Windows_NT 6.1.7601
34 error command "C:\\Program Files (x86)\\nodejs\\\\node.exe" "C:\\Program Files (x86)\\nodejs\\node_modules\\npm\\bin\\npm-cli.js" "install" "io-socket.io1.2.1@."
35 error cwd E:\WS
36 error node -v v0.10.35
37 error npm -v 1.4.28
38 error code E404
39 verbose exit [ 1, true ]
